[debug] [2024-05-10T18:01:30.321Z] ----------------------------------------------------------------------
[debug] [2024-05-10T18:01:30.325Z] Command:       C:\Program Files\nodejs\node.exe C:\Users\Pankaj Yadav\AppData\Roaming\npm\node_modules\firebase-tools\lib\bin\firebase.js init
[debug] [2024-05-10T18:01:30.325Z] CLI Version:   13.8.2
[debug] [2024-05-10T18:01:30.326Z] Platform:      win32
[debug] [2024-05-10T18:01:30.326Z] Node Version:  v18.16.1
[debug] [2024-05-10T18:01:30.327Z] Time:          Fri May 10 2024 23:31:30 GMT+0530 (India Standard Time)
[debug] [2024-05-10T18:01:30.327Z] ----------------------------------------------------------------------
[debug] 
[debug] [2024-05-10T18:01:30.395Z] > command requires scopes: ["email","openid","https://www.googleapis.com/auth/cloudplatformprojects.readonly","https://www.googleapis.com/auth/firebase","https://www.googleapis.com/auth/cloud-platform"]
[debug] [2024-05-10T18:01:30.396Z] > authorizing via signed-in user (lokendrayadav.cse23@itbhu.ac.in)
[info] 
     ######## #### ########  ######## ########     ###     ######  ########
     ##        ##  ##     ## ##       ##     ##  ##   ##  ##       ##
     ######    ##  ########  ######   ########  #########  ######  ######
     ##        ##  ##    ##  ##       ##     ## ##     ##       ## ##
     ##       #### ##     ## ######## ########  ##     ##  ######  ########

You're about to initialize a Firebase project in this directory:

  E:\MachineLearningProject\summarization

Before we get started, keep in mind:

  * You are initializing within an existing Firebase project directory

